Build started 1/16/2015 11:21:56 AM.
     1>Project "D:\sources\ChmBrowser\ChmCore\ChmCore.vcxproj" on node 2 (Build target(s)).
     1>ClCompile:
         C:\Program Files (x86)\Microsoft Visual Studio 12.0\VC\bin\x86_arm\CL.exe /c /ID:\sources\ChmBrowser\ChmCore\ /I"Generated Files\\" /IARM\Release\ /Zi /ZW /ZW:nostdlib /nologo /W3 /WX- /sdl /MP /O2 /Oi /Oy- /GL /D _WINRT_DLL /D NDEBUG /D PSAPI_VERSION=2 /D WINAPI_FAMILY=WINAPI_FAMILY_PHONE_APP /D _UITHREADCTXT_SUPPORT=0 /D _WINDLL /D _UNICODE /D UNICODE /Gm- /EHsc /MD /GS /Gy /fp:precise /Zc:wchar_t /Zc:forScope /Yc"pch.h" /Fp"ARM\Release\pch.pch" /Fo"ARM\Release\\" /Fd"ARM\Release\vc120.pdb" /Gd /TP /FU"C:\Program Files (x86)\Microsoft SDKs\WindowsPhoneApp\v8.1\ExtensionSDKs\Microsoft.VCLibs\12.0\References\CommonConfiguration\neutral\platform.winmd" /FU"C:\Program Files (x86)\Windows Phone Kits\8.1\\References\CommonConfiguration\Neutral\Windows.winmd" /FU"C:\Program Files (x86)\Windows Phone Kits\8.1\\References\CommonConfiguration\Neutral\Windows.winmd" /analyze- /errorReport:prompt /bigobj pch.cpp
         pch.cpp
         C:\Program Files (x86)\Microsoft Visual Studio 12.0\VC\bin\x86_arm\CL.exe /c /ID:\sources\ChmBrowser\ChmCore\ /I"Generated Files\\" /IARM\Release\ /Zi /ZW /ZW:nostdlib /nologo /W3 /WX- /sdl /MP /O2 /Oi /Oy- /GL /D _WINRT_DLL /D NDEBUG /D PSAPI_VERSION=2 /D WINAPI_FAMILY=WINAPI_FAMILY_PHONE_APP /D _UITHREADCTXT_SUPPORT=0 /D _WINDLL /D _UNICODE /D UNICODE /Gm- /EHsc /MD /GS /Gy /fp:precise /Zc:wchar_t /Zc:forScope /Yu"pch.h" /Fp"ARM\Release\pch.pch" /Fo"ARM\Release\\" /Fd"ARM\Release\vc120.pdb" /Gd /TP /FU"C:\Program Files (x86)\Microsoft SDKs\WindowsPhoneApp\v8.1\ExtensionSDKs\Microsoft.VCLibs\12.0\References\CommonConfiguration\neutral\platform.winmd" /FU"C:\Program Files (x86)\Windows Phone Kits\8.1\\References\CommonConfiguration\Neutral\Windows.winmd" /FU"C:\Program Files (x86)\Windows Phone Kits\8.1\\References\CommonConfiguration\Neutral\Windows.winmd" /analyze- /errorReport:prompt /bigobj BaseUtil.cpp ChmDoc.cpp ChmModel.cpp chm_lib.cpp FileUtil.cpp HtmlParserLookup.cpp HtmlPullParser.cpp lzx.cpp Chm.cpp StrUtil.cpp TrivialHtmlParser.cpp
         BaseUtil.cpp
         ChmDoc.cpp
         ChmModel.cpp
         chm_lib.cpp
         FileUtil.cpp
         HtmlParserLookup.cpp
         HtmlPullParser.cpp
         lzx.cpp
         Chm.cpp
         StrUtil.cpp
         TrivialHtmlParser.cpp
     1>d:\sources\chmbrowser\chmcore\StrUtil.h(115): warning C4800: 'int' : forcing value to bool 'true' or 'false' (performance warning) (HtmlPullParser.cpp)
     1>d:\sources\chmbrowser\chmcore\StrUtil.h(115): warning C4800: 'int' : forcing value to bool 'true' or 'false' (performance warning) (HtmlParserLookup.cpp)
     1>d:\sources\chmbrowser\chmcore\StrUtil.h(115): warning C4800: 'int' : forcing value to bool 'true' or 'false' (performance warning) (ChmDoc.cpp)
     1>d:\sources\chmbrowser\chmcore\StrUtil.h(115): warning C4800: 'int' : forcing value to bool 'true' or 'false' (performance warning) (FileUtil.cpp)
     1>d:\sources\chmbrowser\chmcore\StrUtil.h(115): warning C4800: 'int' : forcing value to bool 'true' or 'false' (performance warning) (BaseUtil.cpp)
     1>d:\sources\chmbrowser\chmcore\StrUtil.h(115): warning C4800: 'int' : forcing value to bool 'true' or 'false' (performance warning) (StrUtil.cpp)
     1>d:\sources\chmbrowser\chmcore\StrUtil.h(115): warning C4800: 'int' : forcing value to bool 'true' or 'false' (performance warning) (Chm.cpp)
     1>d:\sources\chmbrowser\chmcore\StrUtil.h(115): warning C4800: 'int' : forcing value to bool 'true' or 'false' (performance warning) (TrivialHtmlParser.cpp)
       Link:
         C:\Program Files (x86)\Microsoft Visual Studio 12.0\VC\bin\x86_arm\link.exe /ERRORREPORT:PROMPT /OUT:"D:\sources\ChmBrowser\ChmBrowser\ARM\Release\ChmCore\ChmCore.dll" /NOLOGO WindowsPhoneCore.lib RuntimeObject.lib PhoneAppModelHost.lib /NODEFAULTLIB:kernel32.lib /NODEFAULTLIB:ole32.lib /MANIFEST:NO /DEBUG /PDB:"D:\sources\ChmBrowser\ChmBrowser\ARM\Release\ChmCore\ChmCore.pdb" /SUBSYSTEM:CONSOLE /OPT:REF /OPT:ICF /LTCG /TLBID:1 /APPCONTAINER /WINMD /WINMDFILE:"D:\sources\ChmBrowser\ChmBrowser\ARM\Release\ChmCore\ChmCore.winmd" /DYNAMICBASE /NXCOMPAT /MACHINE:ARM /DLL ARM\Release\BaseUtil.obj
         ARM\Release\ChmDoc.obj
         ARM\Release\ChmModel.obj
         ARM\Release\chm_lib.obj
         ARM\Release\FileUtil.obj
         ARM\Release\HtmlParserLookup.obj
         ARM\Release\HtmlPullParser.obj
         ARM\Release\lzx.obj
         ARM\Release\pch.obj
         ARM\Release\Chm.obj
         ARM\Release\StrUtil.obj
         ARM\Release\TrivialHtmlParser.obj
            Creating library D:\sources\ChmBrowser\ChmBrowser\ARM\Release\ChmCore\ChmCore.lib and object D:\sources\ChmBrowser\ChmBrowser\ARM\Release\ChmCore\ChmCore.exp
         Generating code
         Finished generating code
         ChmCore.vcxproj -> D:\sources\ChmBrowser\ChmBrowser\ARM\Release\ChmCore\ChmCore.dll
       _GenerateProjectPriFileCore:
         C:\Program Files (x86)\Windows Kits\8.1\\bin\x86\MakePri.exe New -ProjectRoot D:\sources\ChmBrowser\ChmCore\ -ConfigXml ARM\Release\priconfig.xml -OutputFile D:\sources\ChmBrowser\ChmBrowser\ARM\Release\ChmCore\ChmCore.pri -ExtensionDll "C:\Program Files (x86)\Windows Phone Kits\8.1\\bin\x86\MrmEnvironmentExtDl.dll" -IndexName ChmCore -Verbose -Overwrite  
     1>Done Building Project "D:\sources\ChmBrowser\ChmCore\ChmCore.vcxproj" (Build target(s)).

Build succeeded.

Time Elapsed 00:00:04.15
